2016/10/16 09:10:03.249 Command Line:
  {hub4com  --baud=38400 --no-default-fc-route=All:All --bi-route=All:All --trace-file="C:\Users\Andris\oneb2016\trace_com1.001.log" --octs=off --create-filter=trace --add-filters=0:trace  \\.\CNCB0 com1}
2016/10/16 09:10:03.249 Config:
_BEGIN_
  --baud=38400
  --no-default-fc-route=All:All
  --bi-route=All:All
  --trace-file=C:\Users\Andris\oneb2016\trace_com1.001.log
  --octs=off
  --create-filter=trace
  --add-filters=0:trace
  \\.\CNCB0
  com1
_END_
2016/10/16 09:10:03.311 CNCB0(0)-(trace)->: MSG_LOOP_TEST {00000000}
2016/10/16 09:10:03.311 CNCB0(0)<-(trace)-com1(1): MSG_LOOP_TEST {00000000}
2016/10/16 09:10:03.311 CNCB0(0)-(trace)->: MSG_SET_OUT_OPTS {[]}
2016/10/16 09:10:03.311 CNCB0(0)<-(trace)-com1(1): MSG_SET_OUT_OPTS {[]}
2016/10/16 09:10:03.311 CNCB0(0)-(trace)->: MSG_COUNT_REPEATS {&0018FE94[0x0] MSG_GET_IN_OPTS}
2016/10/16 09:10:03.311 CNCB0(0)-(trace)->: MSG_GET_IN_OPTS {&0018FEA0[] [GO0_0x3ffffff8]}
2016/10/16 09:10:03.311 CNCB0(0)-(trace)->: MSG_GET_IN_OPTS {&00531560[] [LBR_STATUS|LLC_STATUS|ESCAPE_MODE]}
2016/10/16 09:10:03.311 CNCB0(0)-(trace)->: MSG_GET_IN_OPTS {&0018FEA4[] [GO1_0x3ff80000]}
2016/10/16 09:10:03.311 CNCB0(0)-(trace)->: MSG_GET_IN_OPTS {&00531564[] [DCTS|DDSR|TERI|DDCD|CTS|DSR|RI|DCD|DR|OE|PE|FE|BI|THRE|TEMT|FIFOERR|RBR_STATUS|RLC_STATUS|BREAK_STATUS]}
2016/10/16 09:10:03.311 CNCB0(0)-(trace)->: MSG_GET_IN_OPTS {&0018FEA8[] [GO2_0x3fffffff]}
2016/10/16 09:10:03.311 CNCB0(0)-(trace)->: MSG_GET_IN_OPTS {&0018FEAC[] [GO3_0x3fffffff]}
2016/10/16 09:10:03.311 CNCB0(0)-(trace)->: MSG_FAIL_IN_OPTS {[]}
2016/10/16 09:10:03.311 CNCB0(0)-(trace)->: MSG_FAIL_IN_OPTS {[]}
2016/10/16 09:10:03.311 CNCB0(0)-(trace)->: MSG_FAIL_IN_OPTS {[]}
2016/10/16 09:10:03.311 CNCB0(0)-(trace)->: MSG_FAIL_IN_OPTS {[]}
2016/10/16 09:10:03.311 CNCB0(0)<-(trace)-com1(1): MSG_COUNT_REPEATS {&0018FE94[0x0] MSG_GET_IN_OPTS}
2016/10/16 09:10:03.311 CNCB0(0)<-(trace)-com1(1): MSG_GET_IN_OPTS {&0018FEA0[] [GO0_0x3ffffff8]}
2016/10/16 09:10:03.311 CNCB0(0)<-(trace)-com1(1): MSG_GET_IN_OPTS {&005315F8[] [LBR_STATUS|LLC_STATUS|ESCAPE_MODE]}
2016/10/16 09:10:03.311 CNCB0(0)<-(trace)-com1(1): MSG_GET_IN_OPTS {&0018FEA4[] [GO1_0x3ff80000]}
2016/10/16 09:10:03.311 CNCB0(0)<-(trace)-com1(1): MSG_GET_IN_OPTS {&005315FC[] [DCTS|DDSR|TERI|DDCD|CTS|DSR|RI|DCD|DR|OE|PE|FE|BI|THRE|TEMT|FIFOERR|RBR_STATUS|RLC_STATUS|BREAK_STATUS]}
2016/10/16 09:10:03.311 CNCB0(0)<-(trace)-com1(1): MSG_GET_IN_OPTS {&0018FEA8[] [GO2_0x3fffffff]}
2016/10/16 09:10:03.311 CNCB0(0)<-(trace)-com1(1): MSG_GET_IN_OPTS {&0018FEAC[] [GO3_0x3fffffff]}
2016/10/16 09:10:03.311 CNCB0(0)<-(trace)-com1(1): MSG_FAIL_IN_OPTS {[]}
2016/10/16 09:10:03.311 CNCB0(0)<-(trace)-com1(1): MSG_FAIL_IN_OPTS {[]}
2016/10/16 09:10:03.311 CNCB0(0)<-(trace)-com1(1): MSG_FAIL_IN_OPTS {[]}
2016/10/16 09:10:03.311 CNCB0(0)<-(trace)-com1(1): MSG_FAIL_IN_OPTS {[]}
2016/10/16 09:10:03.311 CNCB0(0)-(trace)->: MSG_FAIL_IN_OPTS {[]}
2016/10/16 09:10:03.311 CNCB0(0)-(trace)->: MSG_FAIL_IN_OPTS {[]}
2016/10/16 09:10:03.311 CNCB0(0)-(trace)->: MSG_CONNECT {true}
2016/10/16 09:10:03.311 CNCB0(0)<-(trace)-com1(1): MSG_FAIL_IN_OPTS {[]}
2016/10/16 09:10:03.311 CNCB0(0)<-(trace)-com1(1): MSG_FAIL_IN_OPTS {[]}
2016/10/16 09:10:03.311 CNCB0(0)<-(trace)-com1(1): MSG_CONNECT {true}
